<?xml version='1.0' encoding='utf-8' standalone='yes' ?><testsuites><testsuite name="com.example.qwerty.learn.MainActivityTest"><testcase classname="com.example.qwerty.learn.MainActivityTest" name="test_click_chat" time="15.207" /><testcase classname="com.example.qwerty.learn.MainActivityTest" name="test_click_database" time="15.012" /><testcase classname="com.example.qwerty.learn.MainActivityTest" name="test_click_file" time="15.001" /><testcase classname="com.example.qwerty.learn.MainActivityTest" name="test_click_lv" time="13.516" /></testsuite></testsuites>